<?xml version="1.0" encoding="UTF-8"?>
<testsuites name="login" time="34.39" tests="2" failures="0" errors="0">
   <testsuite name="login" tests="2" failures="0" errors="0" time="34.39" skipped="0" timestamp="22-12-2023T15:46:03" hostname="202102359 - KPO-Blicicil.pdc.megafinance.co.id" id="Test Suites/login">
      <properties>
         <property name="deviceName" value=""/>
         <property name="devicePlatform" value=""/>
         <property name="logFolder" value="C:\\Users\\202102359\\git\\testsqa_eva\\Reports\\20231222_154557\\login\\20231222_154557"/>
         <property name="logFiles" value="C:\\Users\\202102359\\git\\testsqa_eva\\Reports\\20231222_154557\\login\\20231222_154557\\execution0.log"/>
         <property name="attachments" value=""/>
         <property name="hostName" value="202102359 - KPO-Blicicil.pdc.megafinance.co.id"/>
         <property name="os" value="Windows 11 64bit"/>
         <property name="katalonVersion" value="9.1.0.212"/>
         <property name="browser" value="Chrome 120.0.0.0"/>
         <property name="hostAddress" value="192.168.16.53"/>
         <property name="sessionId" value="fae4e2045ccc17802e111e00051afe43"/>
         <property name="seleniumVersion" value="3.141.59"/>
         <property name="proxyInformation" value="ProxyInformation { proxyOption=NO_PROXY, proxyServerType=HTTP, username=, password=********, proxyServerAddress=, proxyServerPort=0, executionList=&quot;&quot;, isApplyToDesiredCapabilities=true }"/>
         <property name="platform" value="Windows 11"/>
      </properties>
      <testcase name="Test Cases/loginsuccess" time="12.93" classname="Test Cases/loginsuccess" status="PASSED">
         <system-out><![CDATA[22-12-2023T15:46:03 - [TEST_CASE][PASSED] - Test Cases/loginsuccess: Test Cases/loginsuccess

22-12-2023T15:46:04 - [TEST_STEP][PASSED] - openBrowser(""): Browser is opened with url: ''

22-12-2023T15:46:04 - [MESSAGE][INFO] - Starting 'Chrome' driver

22-12-2023T15:46:04 - [MESSAGE][INFO] - Action delay is set to 0 milliseconds

22-12-2023T15:46:05 - [MESSAGE][PASSED] - Browser is opened with url: ''

22-12-2023T15:46:05 - [TEST_STEP][PASSED] - maximizeWindow(): Current window maximized

22-12-2023T15:46:05 - [MESSAGE][PASSED] - Current window maximized

22-12-2023T15:46:05 - [TEST_STEP][PASSED] - navigateToUrl(url): Navigate to 'https://ndsrndserver.southeastasia.cloudapp.azure.com/NFQA_Test/Login.aspx?ReturnUrl=%2fNFQA_Test%2fDefault.aspx' successfully

22-12-2023T15:46:06 - [MESSAGE][PASSED] - Navigate to 'https://ndsrndserver.southeastasia.cloudapp.azure.com/NFQA_Test/Login.aspx?ReturnUrl=%2fNFQA_Test%2fDefault.aspx' successfully

22-12-2023T15:46:06 - [TEST_STEP][PASSED] - setText(findTestObject("Object Repository/loginsuccess/input_txtUsername"), username): Text 'EngineerTest1' is set on object 'Object Repository/loginsuccess/input_txtUsername'

22-12-2023T15:46:07 - [MESSAGE][PASSED] - Text 'EngineerTest1' is set on object 'Object Repository/loginsuccess/input_txtUsername'

22-12-2023T15:46:07 - [TEST_STEP][PASSED] - setEncryptedText(findTestObject("Object Repository/loginsuccess/input_txtPassword"), password): Text ****** has been set on object 'Object Repository/loginsuccess/input_txtPassword'

22-12-2023T15:46:08 - [MESSAGE][PASSED] - Text ****** has been set on object 'Object Repository/loginsuccess/input_txtPassword'

22-12-2023T15:46:08 - [TEST_STEP][PASSED] - click(findTestObject("Object Repository/loginsuccess/span_Login")): Object: 'Object Repository/loginsuccess/span_Login' is clicked on

22-12-2023T15:46:08 - [MESSAGE][PASSED] - Object: 'Object Repository/loginsuccess/span_Login' is clicked on

22-12-2023T15:46:08 - [TEST_STEP][PASSED] - delay(8): Delayed 8 second(s)

22-12-2023T15:46:16 - [MESSAGE][PASSED] - Delayed 8 second(s)

22-12-2023T15:46:16 - [TEST_STEP][PASSED] - closeBrowser(): Browser is closed

22-12-2023T15:46:16 - [MESSAGE][PASSED] - Browser is closed]]></system-out>
         <system-err><![CDATA[]]></system-err>
      </testcase>
      <testcase name="Test Cases/loginfailed" time="21.307" classname="Test Cases/loginfailed" status="PASSED">
         <system-out><![CDATA[22-12-2023T15:46:16 - [TEST_CASE][PASSED] - Test Cases/loginfailed: Test Cases/loginfailed

22-12-2023T15:46:16 - [TEST_STEP][PASSED] - openBrowser(""): Browser is opened with url: ''

22-12-2023T15:46:16 - [MESSAGE][INFO] - Starting 'Chrome' driver

22-12-2023T15:46:16 - [MESSAGE][INFO] - Action delay is set to 0 milliseconds

22-12-2023T15:46:17 - [MESSAGE][PASSED] - Browser is opened with url: ''

22-12-2023T15:46:17 - [TEST_STEP][PASSED] - maximizeWindow(): Current window maximized

22-12-2023T15:46:18 - [MESSAGE][PASSED] - Current window maximized

22-12-2023T15:46:18 - [TEST_STEP][PASSED] - navigateToUrl(url): Navigate to 'https://ndsrndserver.southeastasia.cloudapp.azure.com/NFQA_Test/Login.aspx?ReturnUrl=%2fNFQA_Test%2fDefault.aspx' successfully

22-12-2023T15:46:22 - [MESSAGE][PASSED] - Navigate to 'https://ndsrndserver.southeastasia.cloudapp.azure.com/NFQA_Test/Login.aspx?ReturnUrl=%2fNFQA_Test%2fDefault.aspx' successfully

22-12-2023T15:46:22 - [TEST_STEP][PASSED] - setText(findTestObject("Object Repository/loginfailed/input_txtUsername"), username1): Text 'EngineerTest1' is set on object 'Object Repository/loginfailed/input_txtUsername'

22-12-2023T15:46:23 - [MESSAGE][PASSED] - Text 'EngineerTest1' is set on object 'Object Repository/loginfailed/input_txtUsername'

22-12-2023T15:46:23 - [TEST_STEP][PASSED] - setEncryptedText(findTestObject("Object Repository/loginfailed/input_txtPassword"), password1): Text ****** has been set on object 'Object Repository/loginfailed/input_txtPassword'

22-12-2023T15:46:23 - [MESSAGE][PASSED] - Text ****** has been set on object 'Object Repository/loginfailed/input_txtPassword'

22-12-2023T15:46:23 - [TEST_STEP][PASSED] - click(findTestObject("Object Repository/loginfailed/span_Login")): Object: 'Object Repository/loginfailed/span_Login' is clicked on

22-12-2023T15:46:23 - [MESSAGE][PASSED] - Object: 'Object Repository/loginfailed/span_Login' is clicked on

22-12-2023T15:46:23 - [TEST_STEP][PASSED] - waitForAlert(2): No alert found after 2 second(s).

22-12-2023T15:46:26 - [MESSAGE][WARNING] - No alert found after 2 second(s).

22-12-2023T15:46:26 - [TEST_STEP][PASSED] - delay(4): Delayed 4 second(s)

22-12-2023T15:46:30 - [MESSAGE][PASSED] - Delayed 4 second(s)

22-12-2023T15:46:30 - [TEST_STEP][PASSED] - refresh(STOP_ON_FAILURE): Refresh successfully

22-12-2023T15:46:30 - [MESSAGE][PASSED] - Refresh successfully

22-12-2023T15:46:30 - [TEST_STEP][PASSED] - setText(findTestObject("Object Repository/loginfailed/input_txtUsername"), username2): Text 'EngineerTest' is set on object 'Object Repository/loginfailed/input_txtUsername'

22-12-2023T15:46:31 - [MESSAGE][PASSED] - Text 'EngineerTest' is set on object 'Object Repository/loginfailed/input_txtUsername'

22-12-2023T15:46:31 - [TEST_STEP][PASSED] - setEncryptedText(findTestObject("Object Repository/loginfailed/input_txtPassword"), password2): Text ****** has been set on object 'Object Repository/loginfailed/input_txtPassword'

22-12-2023T15:46:31 - [MESSAGE][PASSED] - Text ****** has been set on object 'Object Repository/loginfailed/input_txtPassword'

22-12-2023T15:46:31 - [TEST_STEP][PASSED] - click(findTestObject("Object Repository/loginfailed/span_Login")): Object: 'Object Repository/loginfailed/span_Login' is clicked on

22-12-2023T15:46:31 - [MESSAGE][PASSED] - Object: 'Object Repository/loginfailed/span_Login' is clicked on

22-12-2023T15:46:31 - [TEST_STEP][PASSED] - waitForAlert(2): No alert found after 2 second(s).

22-12-2023T15:46:33 - [MESSAGE][WARNING] - No alert found after 2 second(s).

22-12-2023T15:46:33 - [TEST_STEP][PASSED] - delay(4): Delayed 4 second(s)

22-12-2023T15:46:37 - [MESSAGE][PASSED] - Delayed 4 second(s)

22-12-2023T15:46:37 - [TEST_STEP][PASSED] - closeBrowser(STOP_ON_FAILURE): Browser is closed

22-12-2023T15:46:38 - [MESSAGE][PASSED] - Browser is closed]]></system-out>
         <system-err><![CDATA[]]></system-err>
      </testcase>
      <system-out><![CDATA[22-12-2023T15:46:03 - [TEST_SUITE][PASSED] - login: Test Cases/loginfailed]]></system-out>
      <system-err><![CDATA[]]></system-err>
   </testsuite>
</testsuites>
